2020-04-03 00:34:09,867 - INFO: Logging Start
2020-04-03 00:34:09,868 - INFO: Version: 44222
2020-04-03 00:34:10,348 - INFO: Bob's Simulator Home.
2020-04-03 00:34:11,203 - INFO: Log File Simulate Start
2020-04-03 00:34:57,435 - INFO: Log File Simulate End
2020-04-03 00:34:58,692 - INFO: Bob's Simulator Home.
2020-04-03 00:34:59,437 - INFO: Log File Simulate Start
2020-04-03 00:35:27,853 - INFO: Log File Simulate End
2020-04-03 00:35:30,950 - INFO: Log File Simulate Start
2020-04-03 00:36:20,679 - INFO: Log File Simulate End
2020-04-03 00:36:22,117 - INFO: Bob's Simulator Home.
2020-04-03 00:36:23,035 - INFO: Log File Simulate Start
2020-04-03 00:36:24,433 - INFO: Bob's Simulator Home.
2020-04-03 00:37:01,279 - INFO: Log File Simulate Start
2020-04-03 00:41:56,621 - INFO: Log File Simulate End
2020-04-03 00:42:12,731 - INFO: Bob's Simulator Home.
2020-04-03 00:42:14,562 - INFO: Log File Simulate Start
2020-04-03 00:43:22,269 - INFO: Log File Simulate Start
2020-04-03 00:43:51,962 - INFO: Log File Simulate End
2020-04-03 00:43:54,920 - INFO: Log File Simulate Start
2020-04-03 00:44:02,484 - INFO: Log File Simulate Start
2020-04-03 00:44:15,069 - INFO: Real Time Simulate Starts.
2020-04-03 00:44:17,043 - INFO: Bob's Simulator Home.
2020-04-03 00:44:19,215 - INFO: Real Time Simulate Starts.
2020-04-03 00:44:20,509 - INFO: Log File Simulate Start
2020-04-03 00:44:26,928 - INFO: Bob's Simulator Home.
2020-04-03 00:44:27,688 - INFO: Log File Simulate Start
2020-04-03 00:44:37,214 - INFO: Real Time Simulate Starts.
2020-04-03 00:44:38,712 - INFO: Log File Simulate Start
2020-04-03 00:44:55,934 - INFO: Real Time Simulate Starts.
2020-04-03 00:44:57,105 - INFO: Log File Simulate Start
