# ==================================================
# Game Start
# Build: 43246
# Game Type: GT_BATTLEGROUNDS
# Format Type: FT_WILD
# Scenario ID: 3459
# Battle tag: 여관주인#31393
# --------------------------------------------------
# Battle 1 Start
* PlayerHero -name "이세라 @TB_BaconShop_HERO_53" -hp 40 -tech 1 
* PlayerHeroPower -name "꿈 차원문 @TB_BaconShop_HP_062" 
* PlayerMinion -name "길고양이 @CFM_315" -atk 1 -hp 1 -pos 1 
* PlayerMinion -name "얼룩고양이 @CFM_315t" -atk 1 -hp 1 -pos 2 
# versus
* EnemyHero -name "에드윈 밴클리프 @TB_BaconShop_HERO_01" -hp 40 -tech 1 
* EnemyHeroPower -name "무기 연마 @TB_BaconShop_HP_001" 
* EnemyMinion -name "멀록 파도술사 @EX1_509" -atk 1 -hp 2 -pos 1 
# Battle 1 End
# DRAW
# PlayerHP: 40, EnemyHP: 40
# PlayerRank: 1
# --------------------------------------------------
# Battle 2 Start
* PlayerHero -name "이세라 @TB_BaconShop_HERO_53" -hp 40 -tech 2 
* PlayerHeroPower -name "꿈 차원문 @TB_BaconShop_HP_062" 
* PlayerMinion -name "길고양이 @CFM_315" -atk 1 -hp 1 -pos 1 
* PlayerMinion -name "얼룩고양이 @CFM_315t" -atk 1 -hp 1 -pos 2 
# versus
* EnemyHero -name "무한의 토키 @TB_BaconShop_HERO_28" -hp 38 -tech 2 
* EnemyHeroPower -name "시간의 선술집 @TB_BaconShop_HP_028" 
* EnemyMinion -name "새끼 붉은용 @BGS_019" -atk 1 -hp 2 -pos 1 
# Battle 2 End
# Enemy Win
# Player Take Damage: 3
# PlayerHP: 37, EnemyHP: 38
# PlayerRank: 4
# --------------------------------------------------
# Battle 3 Start
* PlayerHero -name "이세라 @TB_BaconShop_HERO_53" -hp 37 -tech 2 
* PlayerHeroPower -name "꿈 차원문 @TB_BaconShop_HP_062" 
* PlayerMinion -name "헌신적인 영웅 @OG_221" -atk 2 -hp 1 -pos 1 
* PlayerMinion -name "헌신적인 영웅 @OG_221" -atk 2 -hp 1 -pos 2 
* PlayerMinion -name "길고양이 @CFM_315" -atk 1 -hp 1 -pos 3 
# versus
* EnemyHero -name "춤추는 다릴 @TB_BaconShop_HERO_36" -hp 36 -tech 2 
* EnemyHeroPower -name "모자 마술 @TB_BaconShop_HP_042" 
* EnemyMinion -name "악독한 시종 @YOD_026" -atk 5 -hp 4 -pos 1 
* EnemyMinion -name "콰광로봇 @BOT_606" -atk 3 -hp 3 -pos 2 
# Battle 3 End
# DRAW
# PlayerHP: 37, EnemyHP: 36
# PlayerRank: 5
# --------------------------------------------------
# Battle 4 Start
* PlayerHero -name "이세라 @TB_BaconShop_HERO_53" -hp 37 -tech 2 
* PlayerHeroPower -name "꿈 차원문 @TB_BaconShop_HP_062" 
* PlayerMinion -name "코발트 수호자 @GVG_062" -atk 6 -hp 3 -pos 1 -divine_shield 
* PlayerMinion -name "캥거루로봇 @BOT_445" -atk 1 -hp 1 -pos 2 
* PlayerMinion -name "헌신적인 영웅 @TB_BaconUps_014" -atk 4 -hp 2 -pos 3 -golden 
* PlayerMinion -name "길고양이 @CFM_315" -atk 1 -hp 1 -pos 4 
# versus
* EnemyHero -name "전시 관리인 @TB_BaconShop_HERO_33" -hp 37 -tech 3 
* EnemyHeroPower -name "박물관지기 @TB_BaconShop_HP_033" 
* EnemyMinion -name "문양 수호자 @BGS_045" -atk 2 -hp 4 -pos 1 
* EnemyMinion -name "코발트 수호자 @GVG_062" -atk 6 -hp 3 -pos 2 
* EnemyMinion -name "멀록 바다사냥꾼 @EX1_506" -atk 2 -hp 1 -pos 3 
* EnemyMinion -name "융합체 @TB_BaconShop_HP_033t" -atk 1 -hp 1 -pos 4 
# Battle 4 End
# DRAW
# PlayerHP: 37, EnemyHP: 37
# PlayerRank: 3
# --------------------------------------------------
# Battle 5 Start
* PlayerHero -name "이세라 @TB_BaconShop_HERO_53" -hp 37 -tech 3 
* PlayerHeroPower -name "꿈 차원문 @TB_BaconShop_HP_062" 
* PlayerMinion -name "코발트 수호자 @GVG_062" -atk 6 -hp 3 -pos 1 -divine_shield 
* PlayerMinion -name "캥거루로봇 @BOT_445" -atk 1 -hp 1 -pos 2 
* PlayerMinion -name "헌신적인 영웅 @TB_BaconUps_014" -atk 4 -hp 2 -pos 3 -golden 
* PlayerMinion -name "콰광로봇 @BOT_606" -atk 2 -hp 2 -pos 4 
# versus
* EnemyHero -name "무한의 토키 @TB_BaconShop_HERO_28" -hp 31 -tech 3 
* EnemyHeroPower -name "시간의 선술집 @TB_BaconShop_HP_028" 
* EnemyMinion -name "느조스의 피조물 @OG_256" -atk 2 -hp 2 -pos 1 
* EnemyMinion -name "느조스의 피조물 @OG_256" -atk 2 -hp 2 -pos 2 
* EnemyMinion -name "콰광로봇 @BOT_606" -atk 2 -hp 2 -pos 3 
* EnemyMinion -name "콰광로봇 @BOT_606" -atk 2 -hp 2 -pos 4 
* EnemyMinion -name "쥐 떼 @CFM_316" -atk 2 -hp 2 -pos 5 
# Battle 5 End
# Enemy Win
# Player Take Damage: 5
# PlayerHP: 32, EnemyHP: 31
# PlayerRank: 2
# --------------------------------------------------
# Battle 6 Start
* PlayerHero -name "이세라 @TB_BaconShop_HERO_53" -hp 32 -tech 3 
* PlayerHeroPower -name "꿈 차원문 @TB_BaconShop_HP_062" 
* PlayerMinion -name "코발트 수호자 @GVG_062" -atk 8 -hp 3 -pos 1 -divine_shield 
* PlayerMinion -name "캥거루로봇 @BOT_445" -atk 3 -hp 1 -pos 2 
* PlayerMinion -name "헌신적인 영웅 @TB_BaconUps_014" -atk 4 -hp 2 -pos 3 -golden 
* PlayerMinion -name "콰광로봇 @BOT_606" -atk 4 -hp 2 -pos 4 
* PlayerMinion -name "게걸스러운 폭룡 @BGS_033" -atk 4 -hp 4 -pos 5 
* PlayerMinion -name "강철니 표범로봇 @GVG_048" -atk 3 -hp 3 -pos 6 
# versus
* EnemyHero -name "춤추는 다릴 @TB_BaconShop_HERO_36" -hp 30 -tech 3 
* EnemyHeroPower -name "모자 마술 @TB_BaconShop_HP_042" 
* EnemyMinion -name "악독한 시종 @YOD_026" -atk 8 -hp 7 -pos 1 
* EnemyMinion -name "청동 감시자 @BGS_034" -atk 9 -hp 8 -pos 2 -divine_shield -reborn 
* EnemyMinion -name "콰광로봇 @BOT_606" -atk 5 -hp 3 -pos 3 
* EnemyMinion -name "누군가 조종하는 벌목기 @BGS_023" -atk 5 -hp 4 -pos 4 
* EnemyMinion -name "수정술사 @CFM_610" -atk 5 -hp 4 -pos 5 
# Battle 6 End
# Enemy Win
# Player Take Damage: 6
# PlayerHP: 26, EnemyHP: 30
# PlayerRank: 4
# --------------------------------------------------
# Battle 7 Start
* PlayerHero -name "이세라 @TB_BaconShop_HERO_53" -hp 26 -tech 4 
* PlayerHeroPower -name "꿈 차원문 @TB_BaconShop_HP_062" 
* PlayerMinion -name "코발트 수호자 @GVG_062" -atk 8 -hp 3 -pos 1 -divine_shield 
* PlayerMinion -name "캥거루로봇 @BOT_445" -atk 3 -hp 1 -pos 2 
* PlayerMinion -name "코발트 수호자 @GVG_062" -atk 6 -hp 3 -pos 3 
* PlayerMinion -name "헌신적인 영웅 @TB_BaconUps_014" -atk 4 -hp 2 -pos 4 -golden 
* PlayerMinion -name "콰광로봇 @BOT_606" -atk 4 -hp 2 -pos 5 
* PlayerMinion -name "게걸스러운 폭룡 @BGS_033" -atk 4 -hp 4 -pos 6 
* PlayerMinion -name "강철니 표범로봇 @GVG_048" -atk 3 -hp 3 -pos 7 
# versus
* EnemyHero -name "희망의 끝 요그사론 @TB_BaconShop_HERO_35" -hp 36 -tech 4 
* EnemyHeroPower -name "수수께끼 상자 @TB_BaconShop_HP_039" 
* EnemyMinion -name "악독한 시종 @YOD_026" -atk 8 -hp 7 -pos 1 
* EnemyMinion -name "악마 간수 @BGS_014" -atk 5 -hp 5 -pos 2 -taunt 
* EnemyMinion -name "나스레짐 감독관 @BGS_001" -atk 3 -hp 4 -pos 3 
* EnemyMinion -name "나스레짐 감독관 @BGS_001" -atk 3 -hp 4 -pos 4 
* EnemyMinion -name "허수아비골렘 @EX1_556" -atk 3 -hp 4 -pos 5 
* EnemyMinion -name "수정술사 @CFM_610" -atk 5 -hp 4 -pos 6 
* EnemyMinion -name "영혼 곡예사 @BGS_002" -atk 3 -hp 3 -pos 7 
# Battle 7 End
# DRAW
# PlayerHP: 26, EnemyHP: 27
# PlayerRank: 4
# --------------------------------------------------
# Battle 8 Start
* PlayerHero -name "이세라 @TB_BaconShop_HERO_53" -hp 26 -tech 4 
* PlayerHeroPower -name "꿈 차원문 @TB_BaconShop_HP_062" 
* PlayerMinion -name "코발트 수호자 @GVG_062" -atk 10 -hp 3 -pos 1 -divine_shield 
* PlayerMinion -name "코발트 수호자 @GVG_062" -atk 8 -hp 3 -pos 2 -divine_shield 
* PlayerMinion -name "캥거루로봇 @BOT_445" -atk 5 -hp 1 -pos 3 
* PlayerMinion -name "헌신적인 영웅 @TB_BaconUps_014" -atk 4 -hp 2 -pos 4 -golden 
* PlayerMinion -name "청동 감시자 @BGS_034" -atk 2 -hp 1 -pos 5 -divine_shield -reborn 
* PlayerMinion -name "게걸스러운 폭룡 @BGS_033" -atk 6 -hp 6 -pos 6 
* PlayerMinion -name "용기병 집행자 @BGS_067" -atk 3 -hp 6 -pos 7 
# versus
* EnemyHero -name "밀하우스 마나스톰 @TB_BaconShop_HERO_49" -hp 12 -tech 3 
* EnemyHeroPower -name "폭풍 마나 @TB_BaconShop_HP_054" 
* EnemyMinion -name "악독한 시종 @YOD_026" -atk 2 -hp 1 -pos 1 
* EnemyMinion -name "마상시합 유명인 @AT_121" -atk 6 -hp 6 -pos 2 
* EnemyMinion -name "나스레짐 감독관 @BGS_001" -atk 2 -hp 3 -pos 3 
* EnemyMinion -name "영혼 곡예사 @BGS_002" -atk 3 -hp 3 -pos 4 
* EnemyMinion -name "영혼 곡예사 @BGS_002" -atk 3 -hp 3 -pos 5 
* EnemyMinion -name "청동 감시자 @BGS_034" -atk 2 -hp 1 -pos 6 -divine_shield -reborn 
* EnemyMinion -name "야비한 소악마 @LOOT_013" -atk 6 -hp 8 -pos 7 -taunt 
# Battle 8 End
# DRAW
# PlayerHP: 26, EnemyHP: 4
# PlayerRank: 3
# --------------------------------------------------
# Battle 9 Start
* PlayerHero -name "이세라 @TB_BaconShop_HERO_53" -hp 26 -tech 4 
* PlayerHeroPower -name "꿈 차원문 @TB_BaconShop_HP_062" 
* PlayerMinion -name "코발트 수호자 @GVG_062" -atk 10 -hp 3 -pos 1 -divine_shield 
* PlayerMinion -name "코발트 수호자 @GVG_062" -atk 8 -hp 3 -pos 2 -divine_shield 
* PlayerMinion -name "캥거루로봇 @BOT_445" -atk 5 -hp 1 -pos 3 
* PlayerMinion -name "헌신적인 영웅 @TB_BaconUps_014" -atk 4 -hp 2 -pos 4 -golden 
* PlayerMinion -name "청동 감시자 @BGS_034" -atk 2 -hp 1 -pos 5 -divine_shield -reborn 
* PlayerMinion -name "게걸스러운 폭룡 @BGS_033" -atk 8 -hp 8 -pos 6 
* PlayerMinion -name "용기병 집행자 @BGS_067" -atk 3 -hp 6 -pos 7 
# versus
* EnemyHero -name "에드윈 밴클리프 @TB_BaconShop_HERO_01" -hp 16 -tech 4 
* EnemyHeroPower -name "무기 연마 @TB_BaconShop_HP_001" 
* EnemyMinion -name "문양 수호자 @BGS_045" -atk 8 -hp 10 -pos 1 
* EnemyMinion -name "게걸스러운 폭룡 @BGS_033" -atk 12 -hp 12 -pos 2 
* EnemyMinion -name "불꽃피 볼바르 @ICC_858" -atk 3 -hp 9 -pos 3 -divine_shield 
* EnemyMinion -name "용기병 집행자 @BGS_067" -atk 3 -hp 6 -pos 4 
* EnemyMinion -name "멀록 파도술사 @TB_BaconUps_011" -atk 15 -hp 12 -pos 5 -golden 
* EnemyMinion -name "늙은 거먹눈 멀록 @EX1_062" -atk 4 -hp 5 -pos 6 
* EnemyMinion -name "밀랍기수 토그왜글 @BGS_035" -atk 1 -hp 2 -pos 7 
# Battle 9 End
# DRAW
# PlayerHP: 26, EnemyHP: 6
# PlayerRank: 3
# --------------------------------------------------
# Battle 10 Start
* PlayerHero -name "이세라 @TB_BaconShop_HERO_53" -hp 26 -tech 5 
* PlayerHeroPower -name "꿈 차원문 @TB_BaconShop_HP_062" 
* PlayerMinion -name "코발트 수호자 @GVG_062" -atk 18 -hp 6 -pos 1 -divine_shield 
* PlayerMinion -name "청동 감시자 @BGS_034" -atk 6 -hp 5 -pos 2 -divine_shield -reborn 
* PlayerMinion -name "헌신적인 영웅 @TB_BaconUps_014" -atk 4 -hp 2 -pos 3 -golden 
* PlayerMinion -name "게걸스러운 폭룡 @BGS_033" -atk 10 -hp 10 -pos 4 
* PlayerMinion -name "폭군 서슬송곳니 @BGS_036" -atk 7 -hp 9 -pos 5 
* PlayerMinion -name "용기병 집행자 @BGS_067" -atk 3 -hp 6 -pos 6 
* PlayerMinion -name "황혼의 사절 @BGS_038" -atk 4 -hp 4 -pos 7 -taunt 
# versus
* EnemyHero -name "희망의 끝 요그사론 @TB_BaconShop_HERO_35" -hp 27 -tech 5 
* EnemyHeroPower -name "수수께끼 상자 @TB_BaconShop_HP_039" 
* EnemyMinion -name "악독한 시종 @TB_BaconUps_112" -atk 11 -hp 8 -pos 1 -golden 
* EnemyMinion -name "악마 간수 @BGS_014" -atk 10 -hp 9 -pos 2 -taunt 
* EnemyMinion -name "공성파괴자 @EX1_185" -atk 5 -hp 8 -pos 3 -taunt 
* EnemyMinion -name "공허군주 @LOOT_368" -atk 4 -hp 9 -pos 4 -taunt 
* EnemyMinion -name "임프 두목 @BRM_006" -atk 3 -hp 4 -pos 5 
* EnemyMinion -name "영혼 곡예사 @BGS_002" -atk 3 -hp 3 -pos 6 
* EnemyMinion -name "영혼 곡예사 @BGS_002" -atk 3 -hp 3 -pos 7 
# Battle 10 End
# Enemy Win
# Player Take Damage: 10
# PlayerHP: 16, EnemyHP: 27
# PlayerRank: 3
# --------------------------------------------------
# Battle 11 Start
* PlayerHero -name "이세라 @TB_BaconShop_HERO_53" -hp 16 -tech 5 
* PlayerHeroPower -name "꿈 차원문 @TB_BaconShop_HP_062" 
* PlayerMinion -name "코발트 수호자 @GVG_062" -atk 18 -hp 6 -pos 1 -divine_shield 
* PlayerMinion -name "화염의 전령 @BGS_032" -atk 5 -hp 6 -pos 2 
* PlayerMinion -name "청동 감시자 @BGS_034" -atk 6 -hp 5 -pos 3 -divine_shield -reborn 
* PlayerMinion -name "폭군 서슬송곳니 @BGS_036" -atk 13 -hp 15 -pos 4 
* PlayerMinion -name "게걸스러운 폭룡 @BGS_033" -atk 10 -hp 10 -pos 5 
* PlayerMinion -name "화염의 전령 @BGS_032" -atk 5 -hp 6 -pos 6 
* PlayerMinion -name "용기병 집행자 @BGS_067" -atk 3 -hp 6 -pos 7 
# versus
* EnemyHero -name "A. F. 케이 @TB_BaconShop_HERO_16" -hp 17 -tech 5 
* EnemyHeroPower -name "밍기적 @TB_BaconShop_HP_044" 
* EnemyMinion -name "나스레짐 감독관 @BGS_001" -atk 2 -hp 3 -pos 1 
* EnemyMinion -name "악마 간수 @BGS_014" -atk 3 -hp 3 -pos 2 -taunt 
* EnemyMinion -name "악마 간수 @TB_BaconUps_113" -atk 6 -hp 6 -pos 3 -golden -taunt 
* EnemyMinion -name "공허군주 @LOOT_368" -atk 3 -hp 9 -pos 4 -taunt 
* EnemyMinion -name "어미 임프 @BGS_044" -atk 6 -hp 8 -pos 5 
* EnemyMinion -name "임프 두목 @BRM_006" -atk 4 -hp 6 -pos 6 
* EnemyMinion -name "영혼 곡예사 @TB_BaconUps_075" -atk 6 -hp 6 -pos 7 -golden 
# Battle 11 End
# Enemy Win
# Player Take Damage: 15
# PlayerHP: 1, EnemyHP: 17
# PlayerRank: 4
# --------------------------------------------------
# Battle 12 Start
* PlayerHero -name "이세라 @TB_BaconShop_HERO_53" -hp 1 -tech 5 
* PlayerHeroPower -name "꿈 차원문 @TB_BaconShop_HP_062" 
* PlayerMinion -name "코발트 수호자 @GVG_062" -atk 18 -hp 6 -pos 1 -divine_shield 
* PlayerMinion -name "폭군 서슬송곳니 @BGS_036" -atk 18 -hp 20 -pos 2 
* PlayerMinion -name "화염의 전령 @TB_BaconUps_103" -atk 10 -hp 12 -pos 3 -golden 
* PlayerMinion -name "청동 감시자 @BGS_034" -atk 8 -hp 7 -pos 4 -divine_shield -reborn 
* PlayerMinion -name "게걸스러운 폭룡 @BGS_033" -atk 10 -hp 10 -pos 5 
* PlayerMinion -name "어미 임프 @BGS_044" -atk 6 -hp 8 -pos 6 
* PlayerMinion -name "용기병 집행자 @BGS_067" -atk 3 -hp 6 -pos 7 
# versus
* EnemyHero -name "춤추는 다릴 @TB_BaconShop_HERO_36" -hp 21 -tech 4 
* EnemyHeroPower -name "모자 마술 @TB_BaconShop_HP_042" 
* EnemyMinion -name "코발트 수호자 @GVG_062" -atk 7 -hp 4 -pos 1 -divine_shield 
* EnemyMinion -name "동굴 히드라 @LOOT_078" -atk 13 -hp 15 -pos 2 
* EnemyMinion -name "콰광로봇 @BOT_606" -atk 2 -hp 2 -pos 3 
* EnemyMinion -name "콰광로봇 @BOT_606" -atk 7 -hp 3 -pos 4 
* EnemyMinion -name "스니드의 낡은 벌목기 @BGS_006" -atk 9 -hp 9 -pos 5 
* EnemyMinion -name "기계 알 @BOT_537" -atk 1 -hp 6 -pos 6 -taunt 
* EnemyMinion -name "청동 감시자 @BGS_034" -atk 18 -hp 16 -pos 7 -taunt -divine_shield -reborn 
# Battle 12 End
# Enemy Win
# Player Take Damage: 10
# PlayerHP: -9, EnemyHP: 21
# PlayerRank: 5
# --------------------------------------------------
# Game End
# Player Rank: 5
# ==================================================
# ==================================================
# Game Start
# Build: 43246
# Game Type: GT_BATTLEGROUNDS
# Format Type: FT_WILD
# Scenario ID: 3459
# Battle tag: 여관주인#31393
# --------------------------------------------------
# Battle 1 Start
* PlayerHero -name "위대한 아카잠자락 @TB_BaconShop_HERO_21" -hp 38 -tech 1 
* PlayerHeroPower -name "위대한 마술 @TB_BaconShop_HP_020" 
* PlayerMinion -name "야비한 소악마 @LOOT_013" -atk 2 -hp 4 -pos 1 -taunt 
# versus
* EnemyHero -name "알렉스트라자 @TB_BaconShop_HERO_56" -hp 40 -tech 1 
* EnemyHeroPower -name "용의 여왕 @TB_BaconShop_HP_064" 
* EnemyMinion -name "길고양이 @CFM_315" -atk 1 -hp 1 -pos 1 
* EnemyMinion -name "얼룩고양이 @CFM_315t" -atk 1 -hp 1 -pos 2 
# Battle 1 End
# DRAW
# PlayerHP: 38, EnemyHP: 38
# PlayerRank: 1
# --------------------------------------------------
# Battle 2 Start
* PlayerHero -name "위대한 아카잠자락 @TB_BaconShop_HERO_21" -hp 38 -tech 2 
* PlayerHeroPower -name "위대한 마술 @TB_BaconShop_HP_020" 
* PlayerMinion -name "야비한 소악마 @LOOT_013" -atk 2 -hp 4 -pos 1 -taunt 
# versus
* EnemyHero -name "이세라 @TB_BaconShop_HERO_53" -hp 40 -tech 2 
* EnemyHeroPower -name "꿈 차원문 @TB_BaconShop_HP_062" 
* EnemyMinion -name "멀록 바다사냥꾼 @EX1_506" -atk 2 -hp 1 -pos 1 
* EnemyMinion -name "멀록 정찰병 @EX1_506a" -atk 1 -hp 1 -pos 2 
# Battle 2 End
# DRAW
# PlayerHP: 38, EnemyHP: 37
# PlayerRank: 7
# --------------------------------------------------
# Battle 3 Start
* PlayerHero -name "위대한 아카잠자락 @TB_BaconShop_HERO_21" -hp 38 -tech 2 
* PlayerHeroPower -name "위대한 마술 @TB_BaconShop_HP_020" -exhausted 
* PlayerHeroSecret -name "독사 덫 @TB_Bacon_Secrets_01" 
* PlayerMinion -name "늙은 거먹눈 멀록 @EX1_062" -atk 2 -hp 4 -pos 1 
* PlayerMinion -name "야비한 소악마 @LOOT_013" -atk 2 -hp 4 -pos 2 -taunt 
# versus
* EnemyHero -name "A. F. 케이 @TB_BaconShop_HERO_16" -hp 33 -tech 2 
* EnemyHeroPower -name "밍기적 @TB_BaconShop_HP_044" 
* EnemyMinion -name "누군가 조종하는 벌목기 @BGS_023" -atk 4 -hp 3 -pos 1 
* EnemyMinion -name "누군가 조종하는 벌목기 @BGS_023" -atk 4 -hp 3 -pos 2 
* EnemyMinion -name "얼룩고양이 @CFM_315t" -atk 1 -hp 1 -pos 3 
# Battle 3 End
# Enemy Win
# Player Take Damage: 6
# PlayerHP: 32, EnemyHP: 33
# PlayerRank: 4
# --------------------------------------------------
# Battle 4 Start
* PlayerHero -name "위대한 아카잠자락 @TB_BaconShop_HERO_21" -hp 32 -tech 3 
* PlayerHeroPower -name "위대한 마술 @TB_BaconShop_HP_020" 
* PlayerMinion -name "늙은 거먹눈 멀록 @EX1_062" -atk 2 -hp 4 -pos 1 
* PlayerMinion -name "야비한 소악마 @LOOT_013" -atk 2 -hp 4 -pos 2 -taunt 
# versus
* EnemyHero -name "노즈도르무 @TB_BaconShop_HERO_57" -hp 37 -tech 2 
* EnemyHeroPower -name "계시 @TB_BaconShop_HP_063" 
* EnemyMinion -name "악마 간수 @BGS_014" -atk 3 -hp 3 -pos 1 -taunt 
* EnemyMinion -name "악마 간수 @BGS_014" -atk 3 -hp 3 -pos 2 -taunt 
* EnemyMinion -name "쥐 떼 @CFM_316" -atk 2 -hp 2 -pos 3 
* EnemyMinion -name "쥐 떼 @CFM_316" -atk 2 -hp 2 -pos 4 
# Battle 4 End
# Enemy Win
# Player Take Damage: 8
# PlayerHP: 24, EnemyHP: 37
# PlayerRank: 7
# --------------------------------------------------
# Battle 5 Start
* PlayerHero -name "위대한 아카잠자락 @TB_BaconShop_HERO_21" -hp 24 -tech 3 
* PlayerHeroPower -name "위대한 마술 @TB_BaconShop_HP_020" 
* PlayerMinion -name "늙은 거먹눈 멀록 @EX1_062" -atk 2 -hp 4 -pos 1 
* PlayerMinion -name "나스레짐 감독관 @BGS_001" -atk 2 -hp 3 -pos 2 
* PlayerMinion -name "나스레짐 감독관 @BGS_001" -atk 2 -hp 3 -pos 3 
* PlayerMinion -name "야비한 소악마 @LOOT_013" -atk 6 -hp 8 -pos 4 -taunt 
# versus
* EnemyHero -name "리치 바즈하이알 @TB_BaconShop_HERO_25" -hp 26 -tech 3 
* EnemyHeroPower -name "피에서 금을 @TB_BaconShop_HP_049" 
* EnemyMinion -name "게걸스러운 폭룡 @BGS_033" -atk 6 -hp 6 -pos 1 
* EnemyMinion -name "동물원로봇 @KAR_095" -atk 7 -hp 5 -pos 2 
* EnemyMinion -name "깡통나사 고물로봇 @GVG_055" -atk 4 -hp 5 -pos 3 
* EnemyMinion -name "강철니 표범로봇 @GVG_048" -atk 3 -hp 3 -pos 4 
* EnemyMinion -name "황혼의 사절 @BGS_038" -atk 4 -hp 4 -pos 5 -taunt 
# Battle 5 End
# Enemy Win
# Player Take Damage: 8
# PlayerHP: 16, EnemyHP: 26
# PlayerRank: 8
# --------------------------------------------------
# Battle 6 Start
* PlayerHero -name "위대한 아카잠자락 @TB_BaconShop_HERO_21" -hp 16 -tech 3 
* PlayerHeroPower -name "위대한 마술 @TB_BaconShop_HP_020" 
* PlayerMinion -name "늙은 거먹눈 멀록 @EX1_062" -atk 3 -hp 4 -pos 1 -poisonous 
* PlayerMinion -name "마상시합 유명인 @AT_121" -atk 6 -hp 6 -pos 2 
* PlayerMinion -name "나스레짐 감독관 @TB_BaconUps_062" -atk 4 -hp 6 -pos 3 -golden 
* PlayerMinion -name "야비한 소악마 @LOOT_013" -atk 10 -hp 12 -pos 4 -taunt 
# versus
* EnemyHero -name "이세라 @TB_BaconShop_HERO_53" -hp 37 -tech 3 
* EnemyHeroPower -name "꿈 차원문 @TB_BaconShop_HP_062" 
* EnemyMinion -name "문양 수호자 @BGS_045" -atk 2 -hp 4 -pos 1 
* EnemyMinion -name "문양 수호자 @BGS_045" -atk 2 -hp 4 -pos 2 
* EnemyMinion -name "시간의 청지기 @TB_BaconUps_107" -atk 6 -hp 8 -pos 3 -golden 
* EnemyMinion -name "게걸스러운 폭룡 @BGS_033" -atk 4 -hp 4 -pos 4 
* EnemyMinion -name "멀록 바다사냥꾼 @EX1_506" -atk 2 -hp 1 -pos 5 
* EnemyMinion -name "기계 알 @BOT_537" -atk 0 -hp 5 -pos 6 
* EnemyMinion -name "새끼 붉은용 @BGS_019" -atk 1 -hp 2 -pos 7 
# Battle 6 End
# Enemy Win
# Player Take Damage: 4
# PlayerHP: 12, EnemyHP: 37
# PlayerRank: 8
# --------------------------------------------------
# Battle 7 Start
* PlayerHero -name "위대한 아카잠자락 @TB_BaconShop_HERO_21" -hp 12 -tech 3 
* PlayerHeroPower -name "위대한 마술 @TB_BaconShop_HP_020" -exhausted 
* PlayerHeroSecret -name "얼음 방패 @TB_Bacon_Secrets_12" 
* PlayerMinion -name "늙은 거먹눈 멀록 @EX1_062" -atk 3 -hp 5 -pos 1 -poisonous 
* PlayerMinion -name "마상시합 유명인 @AT_121" -atk 8 -hp 8 -pos 2 
* PlayerMinion -name "변신수 제루스 @BGS_029" -atk 5 -hp 5 -pos 3 
* PlayerMinion -name "시간의 청지기 @BGS_037" -atk 4 -hp 5 -pos 4 
* PlayerMinion -name "나스레짐 감독관 @TB_BaconUps_062" -atk 4 -hp 6 -pos 5 -golden 
* PlayerMinion -name "깡통나사 고물로봇 @GVG_055" -atk 2 -hp 5 -pos 6 
* PlayerMinion -name "야비한 소악마 @LOOT_013" -atk 10 -hp 12 -pos 7 -taunt 
# versus
* EnemyHero -name "노즈도르무 @TB_BaconShop_HERO_57" -hp 31 -tech 4 
* EnemyHeroPower -name "계시 @TB_BaconShop_HP_063" 
* EnemyMinion -name "청동 감시자 @BGS_034" -atk 2 -hp 1 -pos 1 -divine_shield -reborn 
* EnemyMinion -name "악마 간수 @TB_BaconUps_113" -atk 6 -hp 6 -pos 2 -golden -taunt 
* EnemyMinion -name "쥐 떼 @CFM_316" -atk 2 -hp 2 -pos 3 
* EnemyMinion -name "쥐 떼 @CFM_316" -atk 2 -hp 2 -pos 4 
* EnemyMinion -name "순찰용 부릉이 @BOT_218" -atk 2 -hp 6 -pos 5 
* EnemyMinion -name "순찰용 부릉이 @BOT_218" -atk 2 -hp 6 -pos 6 
* EnemyMinion -name "청소부 하이에나 @EX1_531" -atk 2 -hp 2 -pos 7 
# Battle 7 End
# DRAW
# PlayerHP: 12, EnemyHP: 18
# PlayerRank: 8
# --------------------------------------------------
# Battle 8 Start
* PlayerHero -name "위대한 아카잠자락 @TB_BaconShop_HERO_21" -hp 12 -tech 4 
* PlayerHeroPower -name "위대한 마술 @TB_BaconShop_HP_020" -exhausted 
* PlayerHeroSecret -name "얼음 방패 @TB_Bacon_Secrets_12" 
* PlayerHeroSecret -name "자동 방어 매트릭스 @TB_Bacon_Secrets_07" 
* PlayerMinion -name "동굴 히드라 @LOOT_078" -atk 3 -hp 5 -pos 1 
* PlayerMinion -name "늙은 거먹눈 멀록 @EX1_062" -atk 3 -hp 5 -pos 2 -poisonous 
* PlayerMinion -name "마상시합 유명인 @AT_121" -atk 9 -hp 9 -pos 3 
* PlayerMinion -name "동물원로봇 @KAR_095" -atk 7 -hp 7 -pos 4 
* PlayerMinion -name "나스레짐 감독관 @TB_BaconUps_062" -atk 4 -hp 6 -pos 5 -golden 
* PlayerMinion -name "야비한 소악마 @LOOT_013" -atk 10 -hp 12 -pos 6 -taunt 
# versus
* EnemyHero -name "대악당 라팜 @TB_BaconShop_HERO_45" -hp 15 -tech 4 
* EnemyHeroPower -name "내가 가져야겠어! @TB_BaconShop_HP_053" 
* EnemyMinion -name "코발트 수호자 @GVG_062" -atk 8 -hp 5 -pos 1 -divine_shield 
* EnemyMinion -name "허수아비골렘 @EX1_556" -atk 2 -hp 3 -pos 2 
* EnemyMinion -name "마상시합 유명인 @AT_121" -atk 6 -hp 6 -pos 3 
* EnemyMinion -name "청동 감시자 @BGS_034" -atk 3 -hp 2 -pos 4 -divine_shield -reborn 
* EnemyMinion -name "용기병 집행자 @BGS_067" -atk 3 -hp 6 -pos 5 
* EnemyMinion -name "용혈족 부관 @BGS_039" -atk 4 -hp 6 -pos 6 -taunt 
* EnemyMinion -name "콰광로봇 @BOT_606" -atk 4 -hp 6 -pos 7 -taunt -divine_shield 
# Battle 8 End
# DRAW
# PlayerHP: 12, EnemyHP: 9
# PlayerRank: 7
# --------------------------------------------------
# Battle 9 Start
* PlayerHero -name "위대한 아카잠자락 @TB_BaconShop_HERO_21" -hp 12 -tech 4 
* PlayerHeroPower -name "위대한 마술 @TB_BaconShop_HP_020" -exhausted 
* PlayerHeroSecret -name "얼음 방패 @TB_Bacon_Secrets_12" 
* PlayerHeroSecret -name "갈라지는 환영 @TB_Bacon_Secrets_04" 
* PlayerMinion -name "동굴 히드라 @LOOT_078" -atk 3 -hp 5 -pos 1 
* PlayerMinion -name "늙은 거먹눈 멀록 @EX1_062" -atk 3 -hp 5 -pos 2 -poisonous 
* PlayerMinion -name "화염의 전령 @BGS_032" -atk 5 -hp 6 -pos 3 
* PlayerMinion -name "나스레짐 감독관 @TB_BaconUps_062" -atk 4 -hp 6 -pos 4 -golden 
* PlayerMinion -name "마상시합 유명인 @AT_121" -atk 11 -hp 11 -pos 5 -taunt 
* PlayerMinion -name "동물원로봇 @KAR_095" -atk 8 -hp 8 -pos 6 -taunt 
* PlayerMinion -name "야비한 소악마 @LOOT_013" -atk 10 -hp 12 -pos 7 -taunt 
# versus
* EnemyHero -name "두억시니 @TB_BaconShop_HERO_23" -hp 7 -tech 4 
* EnemyHeroPower -name "부스락 @TB_BaconShop_HP_022" 
* EnemyMinion -name "코발트 수호자 @GVG_062" -atk 6 -hp 3 -pos 1 -divine_shield 
* EnemyMinion -name "순찰용 부릉이 @BOT_218" -atk 5 -hp 6 -pos 2 
* EnemyMinion -name "푸른비늘혈족 맹독전사 @ICC_029" -atk 6 -hp 6 -pos 3 
* EnemyMinion -name "용기병 집행자 @BGS_067" -atk 3 -hp 6 -pos 4 
* EnemyMinion -name "불꽃피 볼바르 @ICC_858" -atk 4 -hp 7 -pos 5 -divine_shield 
* EnemyMinion -name "콰광로봇 @BOT_606" -atk 7 -hp 7 -pos 6 -taunt -divine_shield -enchant "증식하는 위협 @BOT_312e" 
* EnemyMinion -name "쥐 떼 @CFM_316" -atk 9 -hp 6 -pos 7 -taunt 
# Battle 9 End
# Enemy Win
# Player Take Damage: 7
# PlayerHP: 5, EnemyHP: 7
# PlayerRank: 5
# --------------------------------------------------
# Battle 10 Start
* PlayerHero -name "위대한 아카잠자락 @TB_BaconShop_HERO_21" -hp 5 -tech 4 
* PlayerHeroPower -name "위대한 마술 @TB_BaconShop_HP_020" -exhausted 
* PlayerHeroSecret -name "얼음 방패 @TB_Bacon_Secrets_12" 
* PlayerHeroSecret -name "독사 덫 @TB_Bacon_Secrets_01" 
* PlayerMinion -name "동굴 히드라 @LOOT_078" -atk 3 -hp 5 -pos 1 
* PlayerMinion -name "늙은 거먹눈 멀록 @EX1_062" -atk 3 -hp 5 -pos 2 -poisonous 
* PlayerMinion -name "화염의 전령 @BGS_032" -atk 5 -hp 6 -pos 3 
* PlayerMinion -name "화염의 전령 @BGS_032" -atk 5 -hp 6 -pos 4 
* PlayerMinion -name "마상시합 유명인 @AT_121" -atk 13 -hp 13 -pos 5 -taunt 
* PlayerMinion -name "야비한 소악마 @LOOT_013" -atk 11 -hp 13 -pos 6 -taunt 
* PlayerMinion -name "동물원로봇 @KAR_095" -atk 8 -hp 8 -pos 7 -taunt 
# versus
* EnemyHero -name "리치 바즈하이알 @TB_BaconShop_HERO_25" -hp 15 -tech 5 
* EnemyHeroPower -name "피에서 금을 @TB_BaconShop_HP_049" 
* EnemyMinion -name "느조스의 피조물 @TB_BaconUps_025" -atk 4 -hp 4 -pos 1 -golden 
* EnemyMinion -name "게걸스러운 폭룡 @BGS_033" -atk 20 -hp 20 -pos 2 
* EnemyMinion -name "스니드의 낡은 벌목기 @BGS_006" -atk 5 -hp 7 -pos 3 
* EnemyMinion -name "황혼의 사절 @TB_BaconUps_108" -atk 8 -hp 8 -pos 4 -golden -taunt 
* EnemyMinion -name "기계 알 @BOT_537" -atk 2 -hp 9 -pos 5 -taunt -divine_shield 
* EnemyMinion -name "칸고르의 수습생 @BGS_012" -atk 3 -hp 6 -pos 6 
* EnemyMinion -name "남작 리븐데어 @FP1_031" -atk 1 -hp 7 -pos 7 
# Battle 10 End
# DRAW
# PlayerHP: 5, EnemyHP: 15
# PlayerRank: 5
# --------------------------------------------------
# Battle 11 Start
* PlayerHero -name "위대한 아카잠자락 @TB_BaconShop_HERO_21" -hp 5 -tech 4 
* PlayerHeroPower -name "위대한 마술 @TB_BaconShop_HP_020" -exhausted 
* PlayerHeroSecret -name "앙갚음 @TB_Bacon_Secrets_08" 
* PlayerMinion -name "동굴 히드라 @LOOT_078" -atk 5 -hp 6 -pos 1 
* PlayerMinion -name "늙은 거먹눈 멀록 @EX1_062" -atk 5 -hp 6 -pos 2 -poisonous 
* PlayerMinion -name "화염의 전령 @TB_BaconUps_103" -atk 14 -hp 15 -pos 3 -golden 
* PlayerMinion -name "빛송곳니 집행자 @BGS_009" -atk 2 -hp 2 -pos 4 
* PlayerMinion -name "마상시합 유명인 @AT_121" -atk 14 -hp 14 -pos 5 -taunt 
* PlayerMinion -name "동물원로봇 @KAR_095" -atk 10 -hp 9 -pos 6 -taunt 
* PlayerMinion -name "야비한 소악마 @LOOT_013" -atk 13 -hp 14 -pos 7 -taunt 
# versus
* EnemyHero -name "리치 바즈하이알 @TB_BaconShop_HERO_25" -hp 13 -tech 5 
* EnemyHeroPower -name "피에서 금을 @TB_BaconShop_HP_049" 
* EnemyMinion -name "느조스의 피조물 @TB_BaconUps_025" -atk 4 -hp 4 -pos 1 -golden 
* EnemyMinion -name "게걸스러운 폭룡 @BGS_033" -atk 22 -hp 22 -pos 2 
* EnemyMinion -name "스니드의 낡은 벌목기 @BGS_006" -atk 7 -hp 11 -pos 3 -taunt -divine_shield 
* EnemyMinion -name "기계 알 @BOT_537" -atk 2 -hp 9 -pos 4 -taunt -divine_shield 
* EnemyMinion -name "아나이힐란 전투모병관 @BGS_010" -atk 3 -hp 28 -pos 5 
* EnemyMinion -name "칸고르의 수습생 @BGS_012" -atk 3 -hp 6 -pos 6 
* EnemyMinion -name "남작 리븐데어 @FP1_031" -atk 1 -hp 7 -pos 7 
# Battle 11 End
# Enemy Win
# Player Take Damage: 22
# PlayerHP: -17, EnemyHP: 13
# PlayerRank: 3
# --------------------------------------------------
# Game End
# Player Rank: 3
# ==================================================
# ==================================================
# Game Start
# Build: 43246
# Game Type: GT_BATTLEGROUNDS
# Format Type: FT_WILD
# Scenario ID: 3459
# Battle tag: 여관주인#31393
# --------------------------------------------------
# Battle 1 Start
* PlayerHero -name "에드윈 밴클리프 @TB_BaconShop_HERO_01" -hp 40 -tech 1 
* PlayerHeroPower -name "무기 연마 @TB_BaconShop_HP_001" 
* PlayerMinion -name "멀록 바다사냥꾼 @EX1_506" -atk 2 -hp 1 -pos 1 
* PlayerMinion -name "멀록 정찰병 @EX1_506a" -atk 1 -hp 1 -pos 2 
# versus
* EnemyHero -name "핀리 므르글턴 경 @TB_BaconShop_HERO_40" -hp 40 -tech 1 
* EnemyHeroPower -name "부자가 될 거야! @TB_BaconShop_HP_046" 
* EnemyMinion -name "길고양이 @CFM_315" -atk 1 -hp 1 -pos 1 
* EnemyMinion -name "얼룩고양이 @CFM_315t" -atk 1 -hp 1 -pos 2 
# Battle 1 End
# DRAW
# PlayerHP: 40, EnemyHP: 40
# PlayerRank: 1
# --------------------------------------------------
# Battle 2 Start
* PlayerHero -name "에드윈 밴클리프 @TB_BaconShop_HERO_01" -hp 40 -tech 2 
* PlayerHeroPower -name "무기 연마 @TB_BaconShop_HP_001" 
* PlayerMinion -name "멀록 바다사냥꾼 @EX1_506" -atk 2 -hp 1 -pos 1 
* PlayerMinion -name "멀록 정찰병 @EX1_506a" -atk 1 -hp 1 -pos 2 
# versus
* EnemyHero -name "위대한 아카잠자락 @TB_BaconShop_HERO_21" -hp 40 -tech 2 
* EnemyHeroPower -name "위대한 마술 @TB_BaconShop_HP_020" 
* EnemyMinion -name "캥거루로봇 @BOT_445" -atk 1 -hp 1 -pos 1 
# Battle 2 End
# DRAW
# PlayerHP: 40, EnemyHP: 40
# PlayerRank: 4
# --------------------------------------------------
# Battle 3 Start
* PlayerHero -name "에드윈 밴클리프 @TB_BaconShop_HERO_01" -hp 40 -tech 2 
* PlayerHeroPower -name "무기 연마 @TB_BaconShop_HP_001" 
* PlayerMinion -name "멀록 바다사냥꾼 @EX1_506" -atk 4 -hp 1 -pos 1 
* PlayerMinion -name "멀록 바다사냥꾼 @EX1_506" -atk 4 -hp 1 -pos 2 
* PlayerMinion -name "멀록 정찰병 @EX1_506a" -atk 3 -hp 1 -pos 3 
* PlayerMinion -name "멀록 전투대장 @EX1_507" -atk 3 -hp 3 -pos 4 
# versus
* EnemyHero -name "희망의 끝 요그사론 @TB_BaconShop_HERO_35" -hp 40 -tech 2 
* EnemyHeroPower -name "수수께끼 상자 @TB_BaconShop_HP_039" 
* EnemyMinion -name "멀록 바다사냥꾼 @EX1_506" -atk 5 -hp 2 -pos 1 
* EnemyMinion -name "멀록 정찰병 @EX1_506a" -atk 3 -hp 1 -pos 2 
* EnemyMinion -name "멀록 전투대장 @EX1_507" -atk 3 -hp 3 -pos 3 
* EnemyMinion -name "정의로운 수호자 @ICC_038" -atk 2 -hp 2 -pos 4 -taunt -divine_shield 
# Battle 3 End
# Enemy Win
# Player Take Damage: 4
# PlayerHP: 36, EnemyHP: 40
# PlayerRank: 3
# --------------------------------------------------
# Battle 4 Start
* PlayerHero -name "에드윈 밴클리프 @TB_BaconShop_HERO_01" -hp 36 -tech 2 
* PlayerHeroPower -name "무기 연마 @TB_BaconShop_HP_001" 
* PlayerMinion -name "멀록 바다사냥꾼 @EX1_506" -atk 6 -hp 1 -pos 1 
* PlayerMinion -name "멀록 바다사냥꾼 @EX1_506" -atk 6 -hp 1 -pos 2 
* PlayerMinion -name "멀록 정찰병 @EX1_506a" -atk 5 -hp 1 -pos 3 
* PlayerMinion -name "강철니 표범로봇 @GVG_048" -atk 3 -hp 3 -pos 4 
* PlayerMinion -name "멀록 전투대장 @EX1_507" -atk 5 -hp 3 -pos 5 
* PlayerMinion -name "멀록 전투대장 @EX1_507" -atk 5 -hp 3 -pos 6 
# versus
* EnemyHero -name "A. F. 케이 @TB_BaconShop_HERO_16" -hp 34 -tech 3 
* EnemyHeroPower -name "밍기적 @TB_BaconShop_HP_044" 
* EnemyMinion -name "누군가 조종하는 벌목기 @BGS_023" -atk 7 -hp 4 -pos 1 -enchant "증식하는 위협 @BOT_312e" 
# Battle 4 End
# DRAW
# PlayerHP: 36, EnemyHP: 26
# PlayerRank: 4
# --------------------------------------------------
# Battle 5 Start
* PlayerHero -name "에드윈 밴클리프 @TB_BaconShop_HERO_01" -hp 36 -tech 3 
* PlayerHeroPower -name "무기 연마 @TB_BaconShop_HP_001" 
* PlayerMinion -name "바위웅덩이 사냥꾼 @UNG_073" -atk 6 -hp 3 -pos 1 
* PlayerMinion -name "멀록 바다사냥꾼 @EX1_506" -atk 6 -hp 1 -pos 2 
* PlayerMinion -name "멀록 바다사냥꾼 @EX1_506" -atk 6 -hp 1 -pos 3 
* PlayerMinion -name "멀록 정찰병 @EX1_506a" -atk 5 -hp 1 -pos 4 
* PlayerMinion -name "강철니 표범로봇 @GVG_048" -atk 3 -hp 3 -pos 5 
* PlayerMinion -name "멀록 전투대장 @EX1_507" -atk 6 -hp 4 -pos 6 
* PlayerMinion -name "멀록 전투대장 @EX1_507" -atk 5 -hp 3 -pos 7 
# versus
* EnemyHero -name "말리고스 @TB_BaconShop_HERO_58" -hp 33 -tech 3 
* EnemyHeroPower -name "비전 변형 @TB_BaconShop_HP_052" 
* EnemyMinion -name "콰광로봇 @BOT_606" -atk 2 -hp 2 -pos 1 
* EnemyMinion -name "떠 다니는 감시자 @GVG_100" -atk 6 -hp 6 -pos 2 
* EnemyMinion -name "분노의 명인 @BGS_004" -atk 3 -hp 3 -pos 3 
* EnemyMinion -name "나스레짐 감독관 @BGS_001" -atk 2 -hp 3 -pos 4 
* EnemyMinion -name "길고양이 @TB_BaconUps_093" -atk 2 -hp 2 -pos 5 -golden 
* EnemyMinion -name "얼룩고양이 @TB_BaconUps_093t" -atk 2 -hp 2 -pos 6 -golden 
* EnemyMinion -name "야비한 소악마 @LOOT_013" -atk 2 -hp 4 -pos 7 -taunt 
# Battle 5 End
# DRAW
# PlayerHP: 36, EnemyHP: 28
# PlayerRank: 4
# --------------------------------------------------
# Battle 6 Start
* PlayerHero -name "에드윈 밴클리프 @TB_BaconShop_HERO_01" -hp 36 -tech 4 
* PlayerHeroPower -name "무기 연마 @TB_BaconShop_HP_001" 
* PlayerMinion -name "바위웅덩이 사냥꾼 @UNG_073" -atk 6 -hp 3 -pos 1 
* PlayerMinion -name "멀록 바다사냥꾼 @EX1_506" -atk 6 -hp 1 -pos 2 
* PlayerMinion -name "멀록 바다사냥꾼 @EX1_506" -atk 6 -hp 1 -pos 3 
* PlayerMinion -name "멀록 정찰병 @EX1_506a" -atk 5 -hp 1 -pos 4 
* PlayerMinion -name "강철니 표범로봇 @GVG_048" -atk 3 -hp 3 -pos 5 
* PlayerMinion -name "멀록 전투대장 @EX1_507" -atk 6 -hp 4 -pos 6 
* PlayerMinion -name "멀록 전투대장 @EX1_507" -atk 5 -hp 3 -pos 7 
# versus
* EnemyHero -name "위대한 아카잠자락 @TB_BaconShop_HERO_21" -hp 30 -tech 3 
* EnemyHeroPower -name "위대한 마술 @TB_BaconShop_HP_020" 
* EnemyMinion -name "문양 수호자 @BGS_045" -atk 2 -hp 4 -pos 1 
* EnemyMinion -name "시간의 청지기 @BGS_037" -atk 3 -hp 4 -pos 2 
* EnemyMinion -name "청동 감시자 @BGS_034" -atk 2 -hp 1 -pos 3 -divine_shield -reborn 
* EnemyMinion -name "쥐 떼 @CFM_316" -atk 2 -hp 2 -pos 4 
* EnemyMinion -name "쥐 떼 @CFM_316" -atk 2 -hp 2 -pos 5 
* EnemyMinion -name "새끼 붉은용 @BGS_019" -atk 1 -hp 2 -pos 6 
* EnemyMinion -name "밀랍기수 토그왜글 @BGS_035" -atk 1 -hp 2 -pos 7 
# Battle 6 End
# Enemy Win
# Player Take Damage: 9
# PlayerHP: 27, EnemyHP: 30
# PlayerRank: 2
# --------------------------------------------------
# Battle 7 Start
* PlayerHero -name "에드윈 밴클리프 @TB_BaconShop_HERO_01" -hp 27 -tech 4 
* PlayerHeroPower -name "무기 연마 @TB_BaconShop_HP_001" -exhausted 
* PlayerMinion -name "멀록 바다사냥꾼 @TB_BaconUps_003" -atk 8 -hp 2 -pos 1 -golden 
* PlayerMinion -name "바위웅덩이 사냥꾼 @UNG_073" -atk 6 -hp 3 -pos 2 
* PlayerMinion -name "코발트 수호자 @GVG_062" -atk 11 -hp 7 -pos 3 
* PlayerMinion -name "빛송곳니 집행자 @BGS_009" -atk 5 -hp 2 -pos 4 
* PlayerMinion -name "푸른비늘혈족 맹독전사 @ICC_029" -atk 7 -hp 6 -pos 5 
* PlayerMinion -name "멀록 전투대장 @EX1_507" -atk 6 -hp 4 -pos 6 
* PlayerMinion -name "멀록 전투대장 @EX1_507" -atk 7 -hp 4 -pos 7 
# versus
* EnemyHero -name "희망의 끝 요그사론 @TB_BaconShop_HERO_35" -hp 32 -tech 4 
* EnemyHeroPower -name "수수께끼 상자 @TB_BaconShop_HP_039" 
* EnemyMinion -name "느조스의 피조물 @OG_256" -atk 2 -hp 2 -pos 1 
* EnemyMinion -name "콰광로봇 @BOT_606" -atk 2 -hp 2 -pos 2 
* EnemyMinion -name "바위웅덩이 사냥꾼 @UNG_073" -atk 7 -hp 4 -pos 3 
* EnemyMinion -name "멀록 바다사냥꾼 @EX1_506" -atk 7 -hp 2 -pos 4 
* EnemyMinion -name "멀록 전투대장 @EX1_507" -atk 6 -hp 4 -pos 5 
* EnemyMinion -name "멀록 전투대장 @EX1_507" -atk 5 -hp 3 -pos 6 
* EnemyMinion -name "야비한 소악마 @LOOT_013" -atk 3 -hp 5 -pos 7 -taunt 
# Battle 7 End
# DRAW
# PlayerHP: 27, EnemyHP: 32
# PlayerRank: 6
# --------------------------------------------------
# Battle 8 Start
* PlayerHero -name "에드윈 밴클리프 @TB_BaconShop_HERO_01" -hp 27 -tech 4 
* PlayerHeroPower -name "무기 연마 @TB_BaconShop_HP_001" -exhausted 
* PlayerMinion -name "동굴 히드라 @LOOT_078" -atk 7 -hp 8 -pos 1 
* PlayerMinion -name "코발트 수호자 @GVG_062" -atk 11 -hp 7 -pos 2 -divine_shield 
* PlayerMinion -name "기계 알 @BOT_537" -atk 2 -hp 6 -pos 3 
* PlayerMinion -name "빛송곳니 집행자 @BGS_009" -atk 8 -hp 2 -pos 4 
* PlayerMinion -name "푸른비늘혈족 맹독전사 @ICC_029" -atk 9 -hp 7 -pos 5 
* PlayerMinion -name "멀록 전투대장 @EX1_507" -atk 6 -hp 4 -pos 6 
* PlayerMinion -name "멀록 전투대장 @EX1_507" -atk 9 -hp 5 -pos 7 
# versus
* EnemyHero -name "A. F. 케이 @TB_BaconShop_HERO_16" -hp 22 -tech 4 
* EnemyHeroPower -name "밍기적 @TB_BaconShop_HP_044" 
* EnemyMinion -name "느조스의 피조물 @OG_256" -atk 5 -hp 2 -pos 1 
* EnemyMinion -name "코발트 수호자 @GVG_062" -atk 8 -hp 3 -pos 2 -divine_shield 
* EnemyMinion -name "누군가 조종하는 벌목기 @BGS_023" -atk 9 -hp 4 -pos 3 -enchant "증식하는 위협 @BOT_312e" 
* EnemyMinion -name "콰광로봇 @BOT_606" -atk 4 -hp 2 -pos 4 
* EnemyMinion -name "푸른비늘혈족 맹독전사 @ICC_029" -atk 5 -hp 5 -pos 5 
* EnemyMinion -name "기계 알 @BOT_537" -atk 2 -hp 5 -pos 6 
* EnemyMinion -name "청동 감시자 @BGS_034" -atk 2 -hp 1 -pos 7 -divine_shield -reborn 
# Battle 8 End
# DRAW
# PlayerHP: 27, EnemyHP: 15
# PlayerRank: 3
# --------------------------------------------------
# Battle 9 Start
* PlayerHero -name "에드윈 밴클리프 @TB_BaconShop_HERO_01" -hp 27 -tech 4 
* PlayerHeroPower -name "무기 연마 @TB_BaconShop_HP_001" -exhausted 
* PlayerMinion -name "동굴 히드라 @LOOT_078" -atk 12 -hp 12 -pos 1 
* PlayerMinion -name "코발트 수호자 @GVG_062" -atk 13 -hp 9 -pos 2 -divine_shield 
* PlayerMinion -name "빛송곳니 집행자 @BGS_009" -atk 8 -hp 2 -pos 3 
* PlayerMinion -name "푸른비늘혈족 맹독전사 @ICC_029" -atk 12 -hp 7 -pos 4 
* PlayerMinion -name "푸른비늘혈족 맹독전사 @ICC_029" -atk 10 -hp 6 -pos 5 
* PlayerMinion -name "멀록 전투대장 @EX1_507" -atk 9 -hp 6 -pos 6 
* PlayerMinion -name "기계 알 @BOT_537" -atk 6 -hp 11 -pos 7 -taunt -divine_shield 
# versus
* EnemyHero -name "말리고스 @TB_BaconShop_HERO_58" -hp 9 -tech 4 
* EnemyHeroPower -name "비전 변형 @TB_BaconShop_HP_052" 
* EnemyMinion -name "악마 간수 @BGS_014" -atk 3 -hp 3 -pos 1 -taunt 
* EnemyMinion -name "임프 두목 @BRM_006" -atk 2 -hp 4 -pos 2 
* EnemyMinion -name "떠 다니는 감시자 @GVG_100" -atk 32 -hp 32 -pos 3 
* EnemyMinion -name "떠 다니는 감시자 @GVG_100" -atk 24 -hp 24 -pos 4 
* EnemyMinion -name "분노의 명인 @BGS_004" -atk 17 -hp 17 -pos 5 
* EnemyMinion -name "분노의 명인 @BGS_004" -atk 11 -hp 11 -pos 6 
* EnemyMinion -name "영혼 곡예사 @BGS_002" -atk 3 -hp 3 -pos 7 
# Battle 9 End
# Enemy Win
# Player Take Damage: 8
# PlayerHP: 19, EnemyHP: 9
# PlayerRank: 1
# --------------------------------------------------
# Battle 10 Start
* PlayerHero -name "에드윈 밴클리프 @TB_BaconShop_HERO_01" -hp 19 -tech 5 
* PlayerHeroPower -name "무기 연마 @TB_BaconShop_HP_001" -exhausted 
* PlayerMinion -name "전투 절단기 4000 @GVG_113" -atk 7 -hp 10 -pos 1 
* PlayerMinion -name "동굴 히드라 @LOOT_078" -atk 14 -hp 13 -pos 2 
* PlayerMinion -name "코발트 수호자 @GVG_062" -atk 15 -hp 10 -pos 3 -divine_shield 
* PlayerMinion -name "푸른비늘혈족 맹독전사 @TB_BaconUps_120" -atk 24 -hp 14 -pos 4 -golden 
* PlayerMinion -name "멀록 전투대장 @EX1_507" -atk 11 -hp 7 -pos 5 
* PlayerMinion -name "빛송곳니 집행자 @BGS_009" -atk 14 -hp 2 -pos 6 
* PlayerMinion -name "기계 알 @BOT_537" -atk 6 -hp 11 -pos 7 -taunt -divine_shield 
# versus
* EnemyHero -name "위대한 아카잠자락 @TB_BaconShop_HERO_21" -hp 13 -tech 5 
* EnemyHeroPower -name "위대한 마술 @TB_BaconShop_HP_020" 
* EnemyHeroSecret -name " @" 
* EnemyMinion -name "동굴 히드라 @LOOT_078" -atk 5 -hp 4 -pos 1 
* EnemyMinion -name "천상의 멀록 @BGS_068" -atk 8 -hp 4 -pos 2 
* EnemyMinion -name "동굴 히드라 @LOOT_078" -atk 6 -hp 5 -pos 3 
* EnemyMinion -name "쥐 떼 @TB_BaconUps_027" -atk 7 -hp 4 -pos 4 -golden 
* EnemyMinion -name "무리의 지도자 @BGS_017" -atk 4 -hp 4 -pos 5 
* EnemyMinion -name "청동 감시자 @BGS_034" -atk 5 -hp 4 -pos 6 -taunt -divine_shield -reborn 
# Battle 10 End
# DRAW
# PlayerHP: 19, EnemyHP: 13
# PlayerRank: 3
# --------------------------------------------------
# Battle 11 Start
* PlayerHero -name "에드윈 밴클리프 @TB_BaconShop_HERO_01" -hp 19 -tech 5 
* PlayerHeroPower -name "무기 연마 @TB_BaconShop_HP_001" -exhausted 
* PlayerMinion -name "전투 절단기 4000 @GVG_113" -atk 13 -hp 14 -pos 1 
* PlayerMinion -name "코발트 수호자 @GVG_062" -atk 23 -hp 10 -pos 2 -divine_shield 
* PlayerMinion -name "동굴 히드라 @LOOT_078" -atk 17 -hp 16 -pos 3 
* PlayerMinion -name "코발트 수호자 @GVG_062" -atk 8 -hp 3 -pos 4 -divine_shield 
* PlayerMinion -name "푸른비늘혈족 맹독전사 @TB_BaconUps_120" -atk 27 -hp 17 -pos 5 -golden 
* PlayerMinion -name "기계 알 @BOT_537" -atk 0 -hp 5 -pos 6 
* PlayerMinion -name "기계 알 @BOT_537" -atk 8 -hp 11 -pos 7 -taunt -divine_shield 
# versus
* EnemyHero -name "밀리피센트 마나스톰 @TB_BaconShop_HERO_17" -hp 19 -tech 4 
* EnemyHeroPower -name "땜장이 @TB_BaconShop_HP_015" 
* EnemyMinion -name "코발트 수호자 @GVG_062" -atk 19 -hp 6 -pos 1 -divine_shield -enchant "증식하는 위협 @BOT_312e" 
* EnemyMinion -name "강철 사부 @GVG_027" -atk 8 -hp 2 -pos 2 
* EnemyMinion -name "불꽃피 볼바르 @ICC_858" -atk 1 -hp 7 -pos 3 -divine_shield 
* EnemyMinion -name "허수아비골렘 @EX1_556" -atk 12 -hp 5 -pos 4 
* EnemyMinion -name "강철니 표범로봇 @TB_BaconUps_066" -atk 23 -hp 15 -pos 5 -golden -taunt -divine_shield 
* EnemyMinion -name "아르거스의 수호자 @EX1_093" -atk 2 -hp 3 -pos 6 
* EnemyMinion -name "기계 알 @BOT_537" -atk 11 -hp 10 -pos 7 -taunt -divine_shield 
# Battle 11 End
# DRAW
# PlayerHP: 19, EnemyHP: 7
# PlayerRank: 2
# --------------------------------------------------
# Battle 12 Start
* PlayerHero -name "에드윈 밴클리프 @TB_BaconShop_HERO_01" -hp 19 -tech 5 
* PlayerHeroPower -name "무기 연마 @TB_BaconShop_HP_001" -exhausted 
* PlayerMinion -name "전투 절단기 4000 @GVG_113" -atk 13 -hp 14 -pos 1 
* PlayerMinion -name "천상의 멀록 @BGS_068" -atk 8 -hp 4 -pos 2 
* PlayerMinion -name "코발트 수호자 @GVG_062" -atk 37 -hp 13 -pos 3 -divine_shield 
* PlayerMinion -name "동굴 히드라 @LOOT_078" -atk 23 -hp 22 -pos 4 
* PlayerMinion -name "푸른비늘혈족 맹독전사 @TB_BaconUps_120" -atk 28 -hp 18 -pos 5 -golden 
* PlayerMinion -name "기계 알 @BOT_537" -atk 0 -hp 5 -pos 6 
* PlayerMinion -name "기계 알 @BOT_537" -atk 8 -hp 11 -pos 7 -taunt -divine_shield 
# versus
* EnemyHero -name "춤추는 다릴 @TB_BaconShop_HERO_36" -hp 9 -tech 4 
* EnemyHeroPower -name "모자 마술 @TB_BaconShop_HP_042" 
* EnemyMinion -name "강철 사부 @GVG_027" -atk 6 -hp 2 -pos 1 
* EnemyMinion -name "코발트 수호자 @GVG_062" -atk 28 -hp 21 -pos 2 -divine_shield 
* EnemyMinion -name "코발트 수호자 @GVG_062" -atk 28 -hp 21 -pos 3 -divine_shield 
* EnemyMinion -name "증식하는 위협 @BOT_312" -atk 5 -hp 3 -pos 4 
* EnemyMinion -name "강철 사부 @GVG_027" -atk 14 -hp 12 -pos 5 
* EnemyMinion -name "쥐 떼 @CFM_316" -atk 11 -hp 8 -pos 6 
* EnemyMinion -name "정의로운 수호자 @ICC_038" -atk 5 -hp 5 -pos 7 -taunt -divine_shield 
# Battle 12 End
# DRAW
# PlayerHP: 19, EnemyHP: 9
# PlayerRank: 2
# --------------------------------------------------
# Battle 13 Start
* PlayerHero -name "에드윈 밴클리프 @TB_BaconShop_HERO_01" -hp 19 -tech 5 
* PlayerHeroPower -name "무기 연마 @TB_BaconShop_HP_001" -exhausted 
* PlayerMinion -name "코발트 수호자 @GVG_062" -atk 37 -hp 13 -pos 1 -divine_shield 
* PlayerMinion -name "천상의 멀록 @BGS_068" -atk 10 -hp 6 -pos 2 
* PlayerMinion -name "동굴 히드라 @LOOT_078" -atk 25 -hp 24 -pos 3 
* PlayerMinion -name "전투 절단기 4000 @GVG_113" -atk 17 -hp 18 -pos 4 
* PlayerMinion -name "푸른비늘혈족 맹독전사 @TB_BaconUps_120" -atk 30 -hp 20 -pos 5 -golden 
* PlayerMinion -name "박물관 마술사 @KAR_702" -atk 10 -hp 4 -pos 6 
* PlayerMinion -name "기계 알 @BOT_537" -atk 8 -hp 11 -pos 7 -taunt -divine_shield 
# versus
* EnemyHero -name "말리고스 @TB_BaconShop_HERO_58" -hp 1 -tech 5 
* EnemyHeroPower -name "비전 변형 @TB_BaconShop_HP_052" 
* EnemyMinion -name "악마 간수 @BGS_014" -atk 3 -hp 3 -pos 1 -taunt 
* EnemyMinion -name "떠 다니는 감시자 @TB_BaconUps_101" -atk 90 -hp 90 -pos 2 -golden 
* EnemyMinion -name "분노의 명인 @TB_BaconUps_079" -atk 52 -hp 52 -pos 3 -golden 
* EnemyMinion -name "섬뜩한 방울뱀 @BGS_008" -atk 7 -hp 7 -pos 4 
* EnemyMinion -name "악마 간수 @BGS_014" -atk 3 -hp 3 -pos 5 -taunt 
* EnemyMinion -name "임프 두목 @BRM_006" -atk 2 -hp 4 -pos 6 
* EnemyMinion -name "영혼 곡예사 @BGS_002" -atk 6 -hp 3 -pos 7 
# Battle 13 End
# DRAW
# PlayerHP: 19, EnemyHP: 1
# PlayerRank: 1
# --------------------------------------------------
# Battle 14 Start
* PlayerHero -name "에드윈 밴클리프 @TB_BaconShop_HERO_01" -hp 19 -tech 5 
* PlayerHeroPower -name "무기 연마 @TB_BaconShop_HP_001" -exhausted 
* PlayerMinion -name "코발트 수호자 @GVG_062" -atk 37 -hp 13 -pos 1 -divine_shield 
* PlayerMinion -name "천상의 멀록 @BGS_068" -atk 11 -hp 7 -pos 2 -poisonous 
* PlayerMinion -name "동굴 히드라 @LOOT_078" -atk 26 -hp 25 -pos 3 
* PlayerMinion -name "전투 절단기 4000 @GVG_113" -atk 26 -hp 21 -pos 4 
* PlayerMinion -name "불꽃피 볼바르 @ICC_858" -atk 1 -hp 7 -pos 5 -divine_shield 
* PlayerMinion -name "푸른비늘혈족 맹독전사 @TB_BaconUps_120" -atk 31 -hp 21 -pos 6 -golden 
* PlayerMinion -name "기계 알 @BOT_537" -atk 8 -hp 11 -pos 7 -taunt -divine_shield 
# versus
* EnemyHero -name "희망의 끝 요그사론 @TB_BaconShop_HERO_35" -hp 9 -tech 6 
* EnemyHeroPower -name "수수께끼 상자 @TB_BaconShop_HP_039" 
* EnemyMinion -name "잽 슬라이윅 @BGS_022" -atk 7 -hp 10 -pos 1 -windfury 
* EnemyMinion -name "빛송곳니 집행자 @BGS_009" -atk 2 -hp 2 -pos 2 
* EnemyMinion -name "사바나 사자 @TB_BaconUps_049" -atk 21 -hp 16 -pos 3 -golden 
* EnemyMinion -name "멀록 전투대장 @TB_BaconUps_008" -atk 26 -hp 22 -pos 4 -golden -poisonous 
* EnemyMinion -name "섬뜩한 방울뱀 @BGS_008" -atk 19 -hp 15 -pos 5 
* EnemyMinion -name "어미 임프 @BGS_044" -atk 14 -hp 12 -pos 6 
* EnemyMinion -name "청동 감시자 @BGS_034" -atk 19 -hp 13 -pos 7 -taunt -divine_shield -reborn 
# Battle 14 End
# DRAW
# PlayerHP: 19, EnemyHP: 9
# PlayerRank: 1
# --------------------------------------------------
# Game End
# Player Rank: 1
# ==================================================
