2020-04-03 00:34:21,562 - INFO: HSLogHandler Start: C:/Users/daun4/PycharmProjects/BobsSimulator/Test/logs/2020-03-29 20-39-42.log
2020-04-03 00:35:01,607 - INFO: HSLogHandler Start: C:/Users/daun4/PycharmProjects/BobsSimulator/Test/logs/2020-03-21 23-33-29.log
2020-04-03 00:35:01,609 - WARNING: Build number NOT correct, Program: 44222, Log File: 43246
2020-04-03 00:35:11,114 - WARNING: Build number NOT correct, Program: 44222, Log File: 43246
2020-04-03 00:35:18,800 - WARNING: Build number NOT correct, Program: 44222, Log File: 43246
2020-04-03 00:35:33,462 - INFO: HSLogHandler Start: C:/Users/daun4/PycharmProjects/BobsSimulator/Test/logs/2020-03-06 20-31-28.log
2020-04-03 00:35:33,464 - WARNING: Build number NOT correct, Program: 44222, Log File: 42174
2020-04-03 00:37:02,345 - INFO: HSLogHandler Start: C:/Users/daun4/PycharmProjects/BobsSimulator/Test/logs/2020-03-29 20-39-42.log
2020-04-03 00:43:16,291 - INFO: HSLogHandler Start: C:/Users/daun4/PycharmProjects/BobsSimulator/Test/logs/2020-03-21 23-33-29.log
2020-04-03 00:43:16,293 - WARNING: Build number NOT correct, Program: 44222, Log File: 43246
2020-04-03 00:43:20,108 - WARNING: Build number NOT correct, Program: 44222, Log File: 43246
2020-04-03 00:43:26,348 - INFO: HSLogHandler Start: C:/Users/daun4/PycharmProjects/BobsSimulator/Test/logs/2020-03-31 01-14-06.log
2020-04-03 00:43:28,580 - ERROR: line_parser() error - Line: D 00:12:04.5504684 ChoiceCardMgr.DoesLocalChoiceMatchPacket(): Null list passed in! localChoices=, packetChoices=System.Collections.Generic.List`1[System.Int32].

2020-04-03 00:43:28,833 - ERROR: line_parser() error - Line: D 00:13:52.5720587 ChoiceCardMgr.DoesLocalChoiceMatchPacket(): Null list passed in! localChoices=, packetChoices=System.Collections.Generic.List`1[System.Int32].

2020-04-03 00:43:34,964 - ERROR: line_parser() error - Line: D 00:24:52.4751047 ChoiceCardMgr.DoesLocalChoiceMatchPacket(): Null list passed in! localChoices=, packetChoices=System.Collections.Generic.List`1[System.Int32].

2020-04-03 00:43:35,751 - ERROR: line_parser() error - Line: D 00:26:32.0042821 ================== End Spectator Game ==================

2020-04-03 00:43:35,751 - ERROR: line_parser() error - Line: D 00:26:33.1766553 ================== End Spectator Mode ==================

2020-04-03 00:43:57,832 - INFO: HSLogHandler Start: C:/Users/daun4/PycharmProjects/BobsSimulator/Test/logs/2020-03-31 01-14-06.log
2020-04-03 00:44:06,123 - INFO: HSLogHandler Start: C:/Users/daun4/PycharmProjects/BobsSimulator/Test/logs/2020-03-31 01-14-06.log
2020-04-03 00:44:09,604 - ERROR: line_parser() error - Line: D 00:12:04.5504684 ChoiceCardMgr.DoesLocalChoiceMatchPacket(): Null list passed in! localChoices=, packetChoices=System.Collections.Generic.List`1[System.Int32].

2020-04-03 00:44:10,265 - ERROR: line_parser() error - Line: D 00:13:52.5720587 ChoiceCardMgr.DoesLocalChoiceMatchPacket(): Null list passed in! localChoices=, packetChoices=System.Collections.Generic.List`1[System.Int32].

2020-04-03 00:44:22,015 - INFO: HSLogHandler Start: C:/Users/daun4/PycharmProjects/BobsSimulator/Test/logs/2020-03-31 01-14-06.log
2020-04-03 00:44:28,810 - INFO: HSLogHandler Start: C:/Users/daun4/PycharmProjects/BobsSimulator/Test/logs/2020-03-31 01-14-06.log
2020-04-03 00:44:32,251 - ERROR: line_parser() error - Line: D 00:12:04.5504684 ChoiceCardMgr.DoesLocalChoiceMatchPacket(): Null list passed in! localChoices=, packetChoices=System.Collections.Generic.List`1[System.Int32].

2020-04-03 00:44:32,506 - ERROR: line_parser() error - Line: D 00:13:52.5720587 ChoiceCardMgr.DoesLocalChoiceMatchPacket(): Null list passed in! localChoices=, packetChoices=System.Collections.Generic.List`1[System.Int32].

2020-04-03 00:44:34,005 - ERROR: line_parser() error - Line: D 00:24:52.4751047 ChoiceCardMgr.DoesLocalChoiceMatchPacket(): Null list passed in! localChoices=, packetChoices=System.Collections.Generic.List`1[System.Int32].

2020-04-03 00:44:34,338 - ERROR: line_parser() error - Line: D 00:26:32.0042821 ================== End Spectator Game ==================

2020-04-03 00:44:34,339 - ERROR: line_parser() error - Line: D 00:26:33.1766553 ================== End Spectator Mode ==================

2020-04-03 00:44:39,973 - INFO: HSLogHandler Start: C:/Users/daun4/PycharmProjects/BobsSimulator/Test/logs/2020-03-31 01-14-06.log
2020-04-03 00:44:46,832 - ERROR: line_parser() error - Line: D 00:12:04.5504684 ChoiceCardMgr.DoesLocalChoiceMatchPacket(): Null list passed in! localChoices=, packetChoices=System.Collections.Generic.List`1[System.Int32].

2020-04-03 00:44:47,471 - ERROR: line_parser() error - Line: D 00:13:52.5720587 ChoiceCardMgr.DoesLocalChoiceMatchPacket(): Null list passed in! localChoices=, packetChoices=System.Collections.Generic.List`1[System.Int32].

2020-04-03 00:44:50,980 - ERROR: line_parser() error - Line: D 00:24:52.4751047 ChoiceCardMgr.DoesLocalChoiceMatchPacket(): Null list passed in! localChoices=, packetChoices=System.Collections.Generic.List`1[System.Int32].

2020-04-03 00:44:52,631 - ERROR: line_parser() error - Line: D 00:26:32.0042821 ================== End Spectator Game ==================

2020-04-03 00:44:52,632 - ERROR: line_parser() error - Line: D 00:26:33.1766553 ================== End Spectator Mode ==================

2020-04-03 00:45:01,324 - INFO: HSLogHandler Start: C:/Users/daun4/PycharmProjects/BobsSimulator/Test/logs/2020-03-31 01-14-06.log
2020-04-03 00:45:48,930 - ERROR: line_parser() error - Line: D 00:12:04.5504684 ChoiceCardMgr.DoesLocalChoiceMatchPacket(): Null list passed in! localChoices=, packetChoices=System.Collections.Generic.List`1[System.Int32].

2020-04-03 00:45:50,728 - ERROR: line_parser() error - Line: D 00:13:52.5720587 ChoiceCardMgr.DoesLocalChoiceMatchPacket(): Null list passed in! localChoices=, packetChoices=System.Collections.Generic.List`1[System.Int32].

2020-04-03 00:45:57,417 - ERROR: line_parser() error - Line: D 00:24:52.4751047 ChoiceCardMgr.DoesLocalChoiceMatchPacket(): Null list passed in! localChoices=, packetChoices=System.Collections.Generic.List`1[System.Int32].

2020-04-03 00:45:58,945 - ERROR: line_parser() error - Line: D 00:26:32.0042821 ================== End Spectator Game ==================

2020-04-03 00:45:58,945 - ERROR: line_parser() error - Line: D 00:26:33.1766553 ================== End Spectator Mode ==================

