2020-04-03 23:52:49,498 - INFO: # ==================================================
2020-04-03 23:52:49,498 - INFO: # Simulate Start
2020-04-03 23:52:49,498 - INFO: --------------------------------------------------
2020-04-03 23:52:49,498 - INFO: # Battle Info
2020-04-03 23:52:49,498 - INFO: # Battle Info
2020-04-03 23:52:49,498 - INFO: * PlayerHero -name "이세라@TB_BaconShop_HERO_53" -hp 37 -tech 3 
2020-04-03 23:52:49,498 - INFO: * PlayerHeroPower -name "꿈 차원문@TB_BaconShop_HP_062" 
2020-04-03 23:52:49,498 - INFO: * PlayerMinion -name "코발트 수호자@GVG_062" -atk 6 -hp 3 -pos 1 -divine_shield 
2020-04-03 23:52:49,498 - INFO: * PlayerMinion -name "캥거루로봇@BOT_445" -atk 1 -hp 1 -pos 2 
2020-04-03 23:52:49,498 - INFO: * PlayerMinion -name "헌신적인 영웅@TB_BaconUps_014" -atk 4 -hp 2 -pos 3 -level2 
2020-04-03 23:52:49,498 - INFO: * PlayerMinion -name "콰광로봇@BOT_606" -atk 2 -hp 2 -pos 4 
2020-04-03 23:52:49,498 - INFO: # versus
2020-04-03 23:52:49,498 - INFO: * PlayerHero -name "무한의 토키@TB_BaconShop_HERO_28" -hp 31 -tech 3 
2020-04-03 23:52:49,498 - INFO: * PlayerHeroPower -name "시간의 선술집@TB_BaconShop_HP_028" 
2020-04-03 23:52:49,498 - INFO: * PlayerMinion -name "느조스의 피조물@OG_256" -atk 2 -hp 2 -pos 1 
2020-04-03 23:52:49,498 - INFO: * PlayerMinion -name "느조스의 피조물@OG_256" -atk 2 -hp 2 -pos 2 
2020-04-03 23:52:49,499 - INFO: * PlayerMinion -name "콰광로봇@BOT_606" -atk 2 -hp 2 -pos 3 
2020-04-03 23:52:49,499 - INFO: * PlayerMinion -name "콰광로봇@BOT_606" -atk 2 -hp 2 -pos 4 
2020-04-03 23:52:49,499 - INFO: * PlayerMinion -name "쥐 떼@CFM_316" -atk 2 -hp 2 -pos 5 
2020-04-03 23:52:49,499 - INFO: --------------------------------------------------
2020-04-03 23:52:49,499 - INFO: --------------------------------------------------
2020-04-03 23:52:49,499 - INFO: # Simulation 1/1
2020-04-03 23:52:49,502 - INFO: --------------------------------------------------
2020-04-03 23:52:49,502 - INFO: ==================================================
